Arguments: 
  /usr/local/bin/node /usr/local/bin/yarn install

PATH: 
  /usr/local/sbin:/usr/local/bin:/usr/sbin:/usr/bin:/sbin:/bin:/usr/games:/usr/local/games:/snap/bin

Yarn version: 
  1.9.4

Node version: 
  11.0.0

Platform: 
  linux x64

Trace: 
  SyntaxError: /home/lucde/Desktop/triptravel-services/package.json: Unexpected string in JSON at position 2486
      at JSON.parse (<anonymous>)
      at /usr/local/lib/node_modules/yarn/lib/cli.js:1130:59
      at Generator.next (<anonymous>)
      at step (/usr/local/lib/node_modules/yarn/lib/cli.js:92:30)
      at /usr/local/lib/node_modules/yarn/lib/cli.js:103:13

npm manifest: 
  {
    "name"        : "triptravel-services",
    "version"     : "1.0.0",
    "description" : "",
    "main"        : "app.js",
    "dependencies": {
      "authenticator"           : "^1.1.2",
      "bcrypt"                  : "^3.0.0",
      "bluebird"                : "^3.4.6",
      "body-parser"             : "^1.15.2",
      "cb-http-client"          : "^0.2.3",
      "cluster"                 : "^0.7.7",
      "connect-multiparty"      : "^2.0.0",
      "connect-redis"           : "^3.2.0",
      "cookie-parser"           : "^1.4.3",
      "cors"                    : "^2.8.4",
      "cron"                    : "^1.3.0",
      "crossdomain"             : "0.0.1",
      "crypto"                  : "0.0.3",
      "cryptocompare"           : "^0.2.0",
      "easyimage"               : "^2.1.0",
      "ejs"                     : "^2.5.7",
      "email-existence"         : "^0.1.6",
      "express"                 : "^4.15.2",
      "express-fileupload"      : "0.0.5",
      "express-session"         : "^1.15.4",
      "farmhash"                : "^2.0.3",
      "file-exists"             : "^2.0.0",
      "fs"                      : "0.0.1-security",
      "hls-buffer"              : "^0.1.5",
      "htmlspecialchars"        : "^1.0.5",
      "http-proxy"              : "^1.16.2",
      "httpify"                 : "^3.0.0",
      "imagemagick"             : "^0.1.3",
      "jsonwebtoken"            : "^8.3.0",
      "ksort"                   : "0.0.6",
      "moment"                  : "^2.15.1",
      "moment-timezone"         : "^0.5.5",
      "mongoose"                : "^4.11.5",
      "mongoose-simple-random"  : "^0.4.1",
      "node-fetch"              : "^1.7.3",
      "node-gyp"                : "^3.6.2",
      "nodemailer"              : "^0.7.1",
      "nodemailer-ses-transport": "^1.5.1",
      "package"                 : "^1.0.1",
      "package.json"            : "^2.0.1",
      "passport"                : "^0.3.2",
      "passport-facebook"       : "^2.1.1",
      "passport-local"          : "^1.0.0",
      "redis"                   : "^2.6.5",
      "request"                 : "^2.75.0",
      "sitemap"                 : "^2.0.1",
      "socket.io"               : "^2.0.4",
      "socket.io-redis"         : "^5.2.0",
      "string_decoder"          : "^0.10.31",
      "uniq"                    : "^1.0.1",
      "util"                    : "^0.10.3",
      "web3"                    : "^1.0.0-beta.24",
      "web3-eth-accounts"       : "^1.0.0-beta.26",
      "ws"                      : "^4.1.0",
      "xml2js"                  : "^0.4.19"
    }
    "devDependencies": {},
    "scripts"        : {
      "test": "echo \"Error: no test specified\" && exit 1"
    },
    "repository": {
      "type": "git",
      "url" : "git+https://github.com/khanhney/triptravel-services.git"
    },
    "keywords": [],
    "author"  : "",
    "license" : "ISC",
    "bugs"    : {
      "url": "https://github.com/khanhney/triptravel-services/issues"
    },
    "homepage": "https://github.com/khanhney/triptravel-services#readme"
  }

yarn manifest: 
  No manifest

Lockfile: 
  No lockfile
